Vivado Simulator 2017.4
Copyright 1986-1999, 2001-2016 Xilinx, Inc. All Rights Reserved.
Running: C:/Xilinx/Vivado/2017.4/bin/unwrapped/win64.o/xelab.exe -wto f26633030bc64ef7b979c6c83cfe6bc0 --incr --debug typical --relax --mt 2 -L xil_defaultlib -L secureip -L xpm --snapshot RAM_testbench_behav xil_defaultlib.RAM_testbench -log elaborate.log 
Using 2 slave threads.
Starting static elaboration
Completed static elaboration
Starting simulation data flow analysis
Completed simulation data flow analysis
Time Resolution for simulation is 1ps
Compiling package std.standard
Compiling package std.textio
Compiling package ieee.std_logic_1164
Compiling package ieee.numeric_std
Compiling package xpm.vcomponents
Compiling package vl.vl_types
Compiling module xpm.xpm_memory_base(MEMORY_SIZE=8192...
Compiling module xpm.xpm_memory_dpdistram(MEMORY_SIZE...
Compiling architecture behavioural of entity xil_defaultlib.RAM [ram_default]
Compiling architecture behavioral of entity xil_defaultlib.ram_testbench
Built simulation snapshot RAM_testbench_behav
