
;
; Created on Mon Mar 31 13:19:30 2025 with ECE 449 assembler v1.12 beta 1 (16 bit).
;
;Header Section
RADIX 10
DEPTH 2048
WIDTH 16
DEFAULT 0
;
; Data Section
; Specifies data to be stored in different addresses
; e.g., DATA 0:A, 1:0
;
RADIX 16
DATA 
0000 => "1000000000000100", -- 0000 - 8004                     brr           ResetExecute
0002 => "1000000000100101", -- 0002 - 8025                     brr           ResetLoad
0004 => "1000000000000001", -- 0004 - 8001                     brr           Interrupt
0006 => "1000000000000000", -- 0006 - 8000 WaitForever:        brr           WaitForever
0008 => "0010010100000100", -- 0008 - 2504 ResetExecute:       loadimm.upper BootVector.hi
0010 => "0010010000000000", -- 000A - 2400                     loadimm.lower BootVector.lo
0012 => "0010000111111000", -- 000C - 21F8                     load          r7,r7
0014 => "0010010000000000", -- 000E - 2400                     loadimm.lower 0x00
0016 => "0010011010111000", -- 0010 - 26B8                     mov           r2,r7
0018 => "0010010100100101", -- 0012 - 2525                     loadimm.upper 0x25
0020 => "0010010000000000", -- 0014 - 2400                     loadimm.lower 0x00
0022 => "0000010010010111", -- 0016 - 0497                     sub           r2,r2,r7
0024 => "0000111010000000", -- 0018 - 0E80                     test          r2
0026 => "1000010000000010", -- 001A - 8402                     brr.z         ResetExecute_1
0028 => "1000000111110101", -- 001C - 81F5                     brr           WaitForever
0030 => "0010010100000100", -- 001E - 2504                     loadimm.upper BootVector_1.hi
0032 => "0010010000000010", -- 0020 - 2402                     loadimm.lower BootVector_1.lo
0034 => "0010000111111000", -- 0022 - 21F8                     load          r7,r7
0036 => "0010010000000000", -- 0024 - 2400                     loadimm.lower 0x00
0038 => "0010011010111000", -- 0026 - 26B8                     mov           r2,r7
0040 => "0010010100100100", -- 0028 - 2524                     loadimm.upper 0x24
0042 => "0010010000000000", -- 002A - 2400                     loadimm.lower 0x00
0044 => "0000010010010111", -- 002C - 0497                     sub           r2,r2,r7
0046 => "0000111010000000", -- 002E - 0E80                     test          r2
0048 => "1000010000000010", -- 0030 - 8402                     brr.z         ResetExecute_2
0050 => "1000000111101010", -- 0032 - 81EA                     brr           WaitForever
0052 => "0010010100000100", -- 0034 - 2504                     loadimm.upper BootVector_2.hi
0054 => "0010010000000100", -- 0036 - 2404                     loadimm.lower BootVector_2.lo
0056 => "0010000010111000", -- 0038 - 20B8                     load          r2,r7
0058 => "0010010110000111", -- 003A - 2587                     loadimm.upper 0x87
0060 => "0010010011000000", -- 003C - 24C0                     loadimm.lower 0xc0
0062 => "0000010010010111", -- 003E - 0497                     sub           r2,r2,r7
0064 => "0000111010000000", -- 0040 - 0E80                     test          r2
0066 => "1000010000000010", -- 0042 - 8402                     brr.z         ResetExecute_3
0068 => "1000000111100001", -- 0044 - 81E1                     brr           WaitForever
0070 => "0010010100000100", -- 0046 - 2504                     loadimm.upper BootVector.hi
0072 => "0010010000000000", -- 0048 - 2400                     loadimm.lower BootVector.lo
0074 => "1000011111000000", -- 004A - 87C0                     br            r7,0
0076 => "0010010100000000", -- 004C - 2500 ResetLoad:          loadimm.upper 0x00
0078 => "0010010010000000", -- 004E - 2480                     loadimm.lower 0x80
0080 => "0010011110111000", -- 0050 - 27B8                     mov           r6,r7
0082 => "0100001010000000", -- 0052 - 4280 WaitFor_AA:         in            r2
0084 => "0000100010010110", -- 0054 - 0896                     nand          r2,r2,r6
0086 => "0000100010010010", -- 0056 - 0892                     nand          r2,r2,r2
0088 => "0000111010000000", -- 0058 - 0E80                     test          r2
0090 => "1000010111111100", -- 005A - 85FC                     brr.z         WaitFor_AA
0092 => "0010010111111111", -- 005C - 25FF                     loadimm.upper 0xFF
0094 => "0010010000000000", -- 005E - 2400                     loadimm.lower 0x00
0096 => "0100001010000000", -- 0060 - 4280                     in            r2
0098 => "0000100010010111", -- 0062 - 0897                     nand          r2,r2,r7
0100 => "0000100010010010", -- 0064 - 0892                     nand          r2,r2,r2
0102 => "0010010110101010", -- 0066 - 25AA                     LOADIMM.UPPER 0xAA
0104 => "0000010010010111", -- 0068 - 0497                     sub           r2,r2,r7
0106 => "0000111010000000", -- 006A - 0E80                     test          r2
0108 => "1000010000000010", -- 006C - 8402                     brr.z         Got_AA
0110 => "1000000111110010", -- 006E - 81F2                     brr           WaitFor_AA
0112 => "0010010000000001", -- 0070 - 2401 Got_AA:             loadimm.lower 0x01
0114 => "0100000111000000", -- 0072 - 41C0                     out           r7
0116 => "0100001010000000", -- 0074 - 4280                     in            r2
0118 => "0000100010010110", -- 0076 - 0896                     nand          r2,r2,r6
0120 => "0000100010010010", -- 0078 - 0892                     nand          r2,r2,r2
0122 => "0000111010000000", -- 007A - 0E80                     test          r2
0124 => "1000010000000010", -- 007C - 8402                     brr.z         Done_AA
0126 => "1000000111111011", -- 007E - 81FB                     brr           WaitForEnd_AA
0128 => "0010010000000000", -- 0080 - 2400 Done_AA:            loadimm.lower 0x00
0130 => "0100000111000000", -- 0082 - 41C0                     out           r7
0132 => "0010010100000100", -- 0084 - 2504                     loadimm.upper RamStart.hi
0134 => "0010010000000000", -- 0086 - 2400                     loadimm.lower RamStart.lo
0136 => "0010011110111000", -- 0088 - 27B8                     mov           r6,r7
0138 => "0010010100000000", -- 008A - 2500                     loadimm.upper 0x00
0140 => "0010010000000010", -- 008C - 2402                     loadimm.lower 0x02
0142 => "0010001110111000", -- 008E - 23B8                     store         r6,r7
0144 => "0010010100000000", -- 0090 - 2500                     loadimm.upper 0x00
0146 => "0010010010000000", -- 0092 - 2480                     loadimm.lower 0x80
0148 => "0010011110111000", -- 0094 - 27B8                     mov           r6,r7
0150 => "0100001010000000", -- 0096 - 4280 WaitFor_55:         in            r2
0152 => "0000100010010110", -- 0098 - 0896                     nand          r2,r2,r6
0154 => "0000100010010010", -- 009A - 0892                     nand          r2,r2,r2
0156 => "0000111010000000", -- 009C - 0E80                     test          r2
0158 => "1000010111111100", -- 009E - 85FC                     brr.z         WaitFor_55
0160 => "0010010111111111", -- 00A0 - 25FF                     loadimm.upper 0xFF
0162 => "0010010000000000", -- 00A2 - 2400                     loadimm.lower 0x00
0164 => "0100001010000000", -- 00A4 - 4280                     in            r2
0166 => "0000100010010111", -- 00A6 - 0897                     nand          r2,r2,r7
0168 => "0000100010010010", -- 00A8 - 0892                     nand          r2,r2,r2
0170 => "0010010101010101", -- 00AA - 2555                     LOADIMM.UPPER 0x55
0172 => "0000010010010111", -- 00AC - 0497                     sub           r2,r2,r7
0174 => "0000111010000000", -- 00AE - 0E80                     test          r2
0176 => "1000010000000010", -- 00B0 - 8402                     brr.z         Got_55
0178 => "1000000111110010", -- 00B2 - 81F2                     brr           WaitFor_55
0180 => "0010010000000001", -- 00B4 - 2401 Got_55:             loadimm.lower 0x01
0182 => "0100000111000000", -- 00B6 - 41C0                     out           r7
0184 => "0100001010000000", -- 00B8 - 4280                     in            r2
0186 => "0000100010010110", -- 00BA - 0896                     nand          r2,r2,r6
0188 => "0000100010010010", -- 00BC - 0892                     nand          r2,r2,r2
0190 => "0000111010000000", -- 00BE - 0E80                     test          r2
0192 => "1000010000000010", -- 00C0 - 8402                     brr.z         Done_55
0194 => "1000000111111011", -- 00C2 - 81FB                     brr           WaitForEnd_55
0196 => "0010010000000000", -- 00C4 - 2400 Done_55:            loadimm.lower 0x00
0198 => "0100000111000000", -- 00C6 - 41C0                     out           r7
0200 => "0010010100000000", -- 00C8 - 2500                     loadimm.upper 0x00
0202 => "0010010010000000", -- 00CA - 2480                     loadimm.lower 0x80
0204 => "0010011110111000", -- 00CC - 27B8                     mov           r6,r7
0206 => "0100001010000000", -- 00CE - 4280 WaitForSize:        in            r2
0208 => "0010011100010000", -- 00D0 - 2710                     mov           r4,r2
0210 => "0000100010010110", -- 00D2 - 0896                     nand          r2,r2,r6
0212 => "0000100010010010", -- 00D4 - 0892                     nand          r2,r2,r2
0214 => "0000111010000000", -- 00D6 - 0E80                     test          r2
0216 => "1000010111111011", -- 00D8 - 85FB                     brr.z         WaitForSize
0218 => "0000110100001000", -- 00DA - 0D08                     shr           r4,8
0220 => "0010010000000001", -- 00DC - 2401                     loadimm.lower 0x01
0222 => "0100000111000000", -- 00DE - 41C0                     out           r7
0224 => "0100001010000000", -- 00E0 - 4280                     in            r2
0226 => "0000100010010110", -- 00E2 - 0896                     nand          r2,r2,r6
0228 => "0000100010010010", -- 00E4 - 0892                     nand          r2,r2,r2
0230 => "0000111010000000", -- 00E6 - 0E80                     test          r2
0232 => "1000010000000010", -- 00E8 - 8402                     brr.z         DoneSize
0234 => "1000000111111011", -- 00EA - 81FB                     brr           WaitForSizeEnd
0236 => "0010010000000000", -- 00EC - 2400 DoneSize:           loadimm.lower 0x00
0238 => "0100000111000000", -- 00EE - 41C0                     out           r7
0240 => "0010010100000010", -- 00F0 - 2502                     loadimm.upper 0x02
0242 => "0010010000000000", -- 00F2 - 2400                     loadimm.lower 0x00
0244 => "0010011011111000", -- 00F4 - 26F8                     mov           r3,r7
0246 => "0010010111111111", -- 00F6 - 25FF GetProgram:         loadimm.upper LedDisplay.hi
0248 => "0010010011110010", -- 00F8 - 24F2                     loadimm.lower LedDisplay.lo
0250 => "0010001111100000", -- 00FA - 23E0                     store         r7,r4
0252 => "0000111100000000", -- 00FC - 0F00                     test          r4
0254 => "0000000000000000", -- 00FE - 0000                     nop          
0256 => "0000000000000000", -- 0100 - 0000                     nop          
0258 => "1000010110000010", -- 0102 - 8582                     brr.z         WaitForever
0260 => "0100001010000000", -- 0104 - 4280                     in            r2
0262 => "0010011001010000", -- 0106 - 2650                     mov           r1,r2
0264 => "0000100010010110", -- 0108 - 0896                     nand          r2,r2,r6
0266 => "0000100010010010", -- 010A - 0892                     nand          r2,r2,r2
0268 => "0000111010000000", -- 010C - 0E80                     test          r2
0270 => "1000010111111011", -- 010E - 85FB                     brr.z         WaitForHighByte
0272 => "0000110001001000", -- 0110 - 0C48                     shr           r1,8
0274 => "0000101001001000", -- 0112 - 0A48                     shl           r1,8
0276 => "0010010000000001", -- 0114 - 2401                     loadimm.lower 0x01
0278 => "0100000111000000", -- 0116 - 41C0                     out           r7
0280 => "0100001010000000", -- 0118 - 4280                     in            r2
0282 => "0000100010010110", -- 011A - 0896                     nand          r2,r2,r6
0284 => "0000100010010010", -- 011C - 0892                     nand          r2,r2,r2
0286 => "0000111010000000", -- 011E - 0E80                     test          r2
0288 => "1000010000000010", -- 0120 - 8402                     brr.z         DoneHighByte
0290 => "1000000111111011", -- 0122 - 81FB                     brr           WaitForHighByteEnd
0292 => "0010010000000000", -- 0124 - 2400                     loadimm.lower 0x00
0294 => "0100000111000000", -- 0126 - 41C0                     out           r7
0296 => "0010011000001000", -- 0128 - 2608                     mov           r0,r1
0298 => "0100001010000000", -- 012A - 4280                     in            r2
0300 => "0010011001010000", -- 012C - 2650                     mov           r1,r2
0302 => "0000100010010110", -- 012E - 0896                     nand          r2,r2,r6
0304 => "0000100010010010", -- 0130 - 0892                     nand          r2,r2,r2
0306 => "0000111010000000", -- 0132 - 0E80                     test          r2
0308 => "1000010111111011", -- 0134 - 85FB                     brr.z         WaitForLowByte
0310 => "0000110001001000", -- 0136 - 0C48                     shr           r1,8
0312 => "0010010000000001", -- 0138 - 2401                     loadimm.lower 0x01
0314 => "0100000111000000", -- 013A - 41C0                     out           r7
0316 => "0100001010000000", -- 013C - 4280                     in            r2
0318 => "0000100010010110", -- 013E - 0896                     nand          r2,r2,r6
0320 => "0000100010010010", -- 0140 - 0892                     nand          r2,r2,r2
0322 => "0000111010000000", -- 0142 - 0E80                     test          r2
0324 => "1000010000000010", -- 0144 - 8402                     brr.z         DoneLowByte
0326 => "1000000111111011", -- 0146 - 81FB                     brr           WaitForLowByteEnd
0328 => "0100001010000000", -- 0148 - 4280 DoneLowByte:        in            r2
0330 => "0010010000000000", -- 014A - 2400                     loadimm.lower 0x00
0332 => "0100000111000000", -- 014C - 41C0                     out           r7
0334 => "0000001001001000", -- 014E - 0248                     add           r1,r1,r0
0336 => "0000101010001001", -- 0150 - 0A89                     shl           r2,9
0338 => "0000110010001111", -- 0152 - 0C8F                     shr           r2,15
0340 => "0000111010000000", -- 0154 - 0E80                     test          r2
0342 => "1000010000010101", -- 0156 - 8415                     brr.z         GotInstruction
0344 => "0010011011001000", -- 0158 - 26C8                     mov           r3,r1
0346 => "0010010100000000", -- 015A - 2500                     loadimm.upper StepSize.hi
0348 => "0010010000000010", -- 015C - 2402                     loadimm.lower StepSize.lo
0350 => "0010011010111000", -- 015E - 26B8                     mov           r2,r7
0352 => "0010010100000100", -- 0160 - 2504                     loadimm.upper BootVector.hi
0354 => "0010010000000000", -- 0162 - 2400                     loadimm.lower BootVector.lo
0356 => "0010011000111000", -- 0164 - 2638                     mov           r0,r7
0358 => "0010011111011000", -- 0166 - 27D8                     mov           r7,r3
0360 => "0000110111001000", -- 0168 - 0DC8                     shr           r7,8
0362 => "0010010100100101", -- 016A - 2525                     loadimm.upper 0x25
0364 => "0010001000111000", -- 016C - 2238                     store         r0,r7
0366 => "0000001000000010", -- 016E - 0202                     add           r0,r0,r2
0368 => "0010011111011000", -- 0170 - 27D8                     mov           r7,r3
0370 => "0010010100100100", -- 0172 - 2524                     loadimm.upper 0x24
0372 => "0010001000111000", -- 0174 - 2238                     store         r0,r7
0374 => "0000001000000010", -- 0176 - 0202                     add           r0,r0,r2
0376 => "0010010110000111", -- 0178 - 2587                     loadimm.upper 0x87
0378 => "0010010011000000", -- 017A - 24C0                     loadimm.lower 0xC0
0380 => "0010001000111000", -- 017C - 2238                     store         r0,r7
0382 => "1000000000000101", -- 017E - 8005                     brr           DecrementCount
0384 => "0010001011001000", -- 0180 - 22C8 GotInstruction:     store         r3,r1
0386 => "0010010100000000", -- 0182 - 2500                     loadimm.upper StepSize.hi
0388 => "0010010000000010", -- 0184 - 2402                     loadimm.lower StepSize.lo
0390 => "0000001011011111", -- 0186 - 02DF                     add           r3,r3,r7
0392 => "0010010100000000", -- 0188 - 2500                     loadimm.upper 0x00
0394 => "0010010000000001", -- 018A - 2401                     loadimm.lower 0x01
0396 => "0000010100100111", -- 018C - 0527                     sub           r4,r4,r7
0398 => "1000000110110100", -- 018E - 81B4                     brr           GetProgram


-------------------------------------------------------
Symbol Table:
BootVector            1024 (0400)
BootVector_1          1026 (0402)
BootVector_2          1028 (0404)
DecrementCount         392 (0188)
DoneHighByte           292 (0124)
DoneLowByte            328 (0148)
DoneSize               236 (00EC)
Done_55                196 (00C4)
Done_AA                128 (0080)
GetProgram             246 (00F6)
GotInstruction         384 (0180)
Got_55                 180 (00B4)
Got_AA                 112 (0070)
Interrupt                6 (0006)
LedDisplay           65522 (FFF2)
RamStart              1024 (0400)
ResetExecute             8 (0008)
ResetExecute_1          30 (001E)
ResetExecute_2          52 (0034)
ResetExecute_3          70 (0046)
ResetLoad               76 (004C)
StepSize                 2 (0002)
WaitForEnd_55          184 (00B8)
WaitForEnd_AA          116 (0074)
WaitForHighByte        260 (0104)
WaitForHighByteEnd     280 (0118)
WaitForLowByte         298 (012A)
WaitForLowByteEnd      316 (013C)
WaitForSize            206 (00CE)
WaitForSizeEnd         224 (00E0)
WaitFor_55             150 (0096)
WaitFor_AA              82 (0052)
WaitForever              6 (0006)

