
;
; Created on Mon Mar 31 14:28:03 2025 with ECE 449 assembler v1.12 beta 1 (16 bit).
;
;Header Section
RADIX 10
DEPTH 2048
WIDTH 16
DEFAULT 0
;
; Data Section
; Specifies data to be stored in different addresses
; e.g., DATA 0:A, 1:0
;
RADIX 16
DATA 
1040 => "0010010100000000", -- 0410 - 2500 main:          loadimm.upper 0x00
1042 => "0010010000000101", -- 0412 - 2405                loadimm.lower 0x05
1044 => "0010011110111000", -- 0414 - 27B8                mov           r6,r7
1046 => "0010010100000000", -- 0416 - 2500                loadimm.upper 0x00
1048 => "0010010000000001", -- 0418 - 2401                loadimm.lower 0x01
1050 => "0010011100111000", -- 041A - 2738                mov           r4,r7
1052 => "0010011011111000", -- 041C - 26F8                mov           r3,r7
1054 => "0000111110000000", -- 041E - 0F80                test          r6
1056 => "1000010000001101", -- 0420 - 840D                brr.z         Done
1058 => "0000010110110011", -- 0422 - 05B3                sub           r6,r6,r3
1060 => "0000111110000000", -- 0424 - 0F80                test          r6
1062 => "1000010000001010", -- 0426 - 840A                brr.z         Done
1064 => "0010010100000000", -- 0428 - 2500                loadimm.upper 0x00
1066 => "0010010000000010", -- 042A - 2402                loadimm.lower 0x02
1068 => "0010011101111000", -- 042C - 2778                mov           r5,r7
1070 => "0000011100100101", -- 042E - 0725 loop:          mul           r4,r4,r5
1072 => "0000001101101011", -- 0430 - 036B                add           r5,r5,r3
1074 => "0000010110110011", -- 0432 - 05B3                sub           r6,r6,r3
1076 => "0000111110000000", -- 0434 - 0F80                test          r6
1078 => "1000010000000010", -- 0436 - 8402                brr.z         Done
1080 => "1000000111111011", -- 0438 - 81FB                brr           loop
1082 => "0010010111111111", -- 043A - 25FF Done:          loadimm.upper LedDisplay.hi
1084 => "0010010011110010", -- 043C - 24F2                loadimm.lower LedDisplay.lo
1086 => "0010001111100000", -- 043E - 23E0                store         r7,r4
1088 => "1000000111111101", -- 0440 - 81FD                brr           Done


-------------------------------------------------------
Symbol Table:
DipSwitchMask       7 (0007)
DipSwitches     65520 (FFF0)
Done             1082 (043A)
LedDisplay      65522 (FFF2)
loop             1070 (042E)
main             1040 (0410)

