
;
; Created on Thu Mar 27 14:54:32 2025 with ECE 449 assembler v1.12 beta 1 (16 bit).
;
;Header Section
RADIX 10
DEPTH 2048
WIDTH 16
DEFAULT 0
;
; Data Section
; Specifies data to be stored in different addresses
; e.g., DATA 0:A, 1:0
;
RADIX 16
DATA 
0528 => "0010010111111111", -- 0210 - 25FF main:          loadimm.upper DipSwitches.hi
0530 => "0010010011110000", -- 0212 - 24F0                loadimm.lower DipSwitches.lo
0532 => "0010000110111000", -- 0214 - 21B8                load          r6,r7
0534 => "0010010100000000", -- 0216 - 2500                loadimm.upper DipSwitchMask.hi
0536 => "0010010000000111", -- 0218 - 2407                loadimm.lower DipSwitchMask.lo
0538 => "0000100110110111", -- 021A - 09B7                nand          r6,r6,r7
0540 => "0000100110110110", -- 021C - 09B6                nand          r6,r6,r6
0542 => "0010010100000000", -- 021E - 2500                loadimm.upper 0x00
0544 => "0010010000000001", -- 0220 - 2401                loadimm.lower 0x01
0546 => "0010011100111000", -- 0222 - 2738                mov           r4,r7
0548 => "0010011011111000", -- 0224 - 26F8                mov           r3,r7
0550 => "0000111110000000", -- 0226 - 0F80                test          r6
0552 => "1000010000001101", -- 0228 - 840D                brr.z         Done
0554 => "0000010110110011", -- 022A - 05B3                sub           r6,r6,r3
0556 => "0000111110000000", -- 022C - 0F80                test          r6
0558 => "1000010000001010", -- 022E - 840A                brr.z         Done
0560 => "0010010100000000", -- 0230 - 2500                loadimm.upper 0x00
0562 => "0010010000000010", -- 0232 - 2402                loadimm.lower 0x02
0564 => "0010011101111000", -- 0234 - 2778                mov           r5,r7
0566 => "0000011100100101", -- 0236 - 0725 loop:          mul           r4,r4,r5
0568 => "0000001101101011", -- 0238 - 036B                add           r5,r5,r3
0570 => "0000010110110011", -- 023A - 05B3                sub           r6,r6,r3
0572 => "0000111110000000", -- 023C - 0F80                test          r6
0574 => "1000010000000010", -- 023E - 8402                brr.z         Done
0576 => "1000000111111011", -- 0240 - 81FB                brr           loop
0578 => "0010010111111111", -- 0242 - 25FF Done:          loadimm.upper LedDisplay.hi
0580 => "0010010011110010", -- 0244 - 24F2                loadimm.lower LedDisplay.lo
0582 => "0010001111100000", -- 0246 - 23E0                store         r7,r4
0584 => "1000000111111101", -- 0248 - 81FD                brr           Done


-------------------------------------------------------
Symbol Table:
DipSwitchMask       7 (0007)
DipSwitches     65520 (FFF0)
Done              578 (0242)
LedDisplay      65522 (FFF2)
loop              566 (0236)
main              528 (0210)

