
;
; Created on Mon Mar 31 12:18:58 2025 with ECE 449 assembler v1.12 beta 1 (16 bit).
;
;Header Section
RADIX 10
DEPTH 2048
WIDTH 16
DEFAULT 0
;
; Data Section
; Specifies data to be stored in different addresses
; e.g., DATA 0:A, 1:0
;
RADIX 16
DATA 
1216 => "0010010110011000", -- 04C0 - 2598                loadimm.upper 0x98
1218 => "0010010000101010", -- 04C2 - 242A                loadimm.lower 0x2a
1220 => "0010011011111000", -- 04C4 - 26F8                mov           r3,r7
1222 => "0010010100000000", -- 04C6 - 2500                loadimm.upper 0x00
1224 => "0010010000000001", -- 04C8 - 2401                loadimm.lower 0x01
1226 => "0010011001111000", -- 04CA - 2678                mov           r1,r7
1228 => "0010010100000000", -- 04CC - 2500                loadimm.upper 0x00
1230 => "0010010000000000", -- 04CE - 2400                loadimm.lower 0x00
1232 => "0010011000111000", -- 04D0 - 2638                mov           r0,r7
1234 => "0010010100000110", -- 04D2 - 2506                loadimm.upper x_pos.hi
1236 => "0010010001000110", -- 04D4 - 2446                loadimm.lower x_pos.lo
1238 => "0010001111000000", -- 04D6 - 23C0                store         r7,r0
1240 => "0010010100000110", -- 04D8 - 2506                loadimm.upper y_pos.hi
1242 => "0010010001001000", -- 04DA - 2448                loadimm.lower y_pos.lo
1244 => "0010001111000000", -- 04DC - 23C0                store         r7,r0
1246 => "0010010100000000", -- 04DE - 2500                loadimm.upper 0x00
1248 => "0010010000010100", -- 04E0 - 2414                loadimm.lower 0x14
1250 => "0010011000111000", -- 04E2 - 2638                mov           r0,r7
1252 => "0010010100000110", -- 04E4 - 2506                loadimm.upper x_inc_limit.hi
1254 => "0010010001001010", -- 04E6 - 244A                loadimm.lower x_inc_limit.lo
1256 => "0010001111000000", -- 04E8 - 23C0                store         r7,r0
1258 => "0010010100000000", -- 04EA - 2500                loadimm.upper 0x00
1260 => "0010010000001111", -- 04EC - 240F                loadimm.lower 0x0f
1262 => "0010011000111000", -- 04EE - 2638                mov           r0,r7
1264 => "0010010100000110", -- 04F0 - 2506                loadimm.upper y_inc_limit.hi
1266 => "0010010001001100", -- 04F2 - 244C                loadimm.lower y_inc_limit.lo
1268 => "0010001111000000", -- 04F4 - 23C0                store         r7,r0
1270 => "0010010111111111", -- 04F6 - 25FF                loadimm.upper 0xff
1272 => "0010010011111111", -- 04F8 - 24FF                loadimm.lower 0xff
1274 => "0010011000111000", -- 04FA - 2638                mov           r0,r7
1276 => "0010010100000110", -- 04FC - 2506                loadimm.upper x_dec_limit.hi
1278 => "0010010001001110", -- 04FE - 244E                loadimm.lower x_dec_limit.lo
1280 => "0010001111000000", -- 0500 - 23C0                store         r7,r0
1282 => "0010010100000000", -- 0502 - 2500                loadimm.upper 0x00
1284 => "0010010000000000", -- 0504 - 2400                loadimm.lower 0x00
1286 => "0010011000111000", -- 0506 - 2638                mov           r0,r7
1288 => "0010010100000110", -- 0508 - 2506                loadimm.upper y_dec_limit.hi
1290 => "0010010001010000", -- 050A - 2450                loadimm.lower y_dec_limit.lo
1292 => "0010001111000000", -- 050C - 23C0                store         r7,r0
1294 => "0010010100000110", -- 050E - 2506 loop_1:        loadimm.upper x_pos.hi
1296 => "0010010001000110", -- 0510 - 2446                loadimm.lower x_pos.lo
1298 => "0010000000111000", -- 0512 - 2038                load          r0,r7
1300 => "0010010100000110", -- 0514 - 2506                loadimm.upper y_pos.hi
1302 => "0010010001001000", -- 0516 - 2448                loadimm.lower y_pos.lo
1304 => "0010000110111000", -- 0518 - 21B8                load          r6,r7
1306 => "0010010100000000", -- 051A - 2500                loadimm.upper 0x00
1308 => "0010010000010100", -- 051C - 2414                loadimm.lower 0x14
1310 => "0000011111110111", -- 051E - 07F7                mul           r7,r6,r7
1312 => "0000001000000111", -- 0520 - 0207                add           r0,r0,r7
1314 => "0010010111111100", -- 0522 - 25FC                loadimm.upper Console.hi
1316 => "0010010000000000", -- 0524 - 2400                loadimm.lower Console.lo
1318 => "0000001111000111", -- 0526 - 03C7                add           r7,r0,r7
1320 => "0010001111011000", -- 0528 - 23D8                store         r7,r3
1322 => "0010011110001000", -- 052A - 2788                mov           r6,r1
1324 => "0000110110000001", -- 052C - 0D81                shr           r6,1
1326 => "0000111110000000", -- 052E - 0F80                test          r6
1328 => "1000010000011010", -- 0530 - 841A                brr.z         increment_x
1330 => "0000110110000001", -- 0532 - 0D81                shr           r6,1
1332 => "0000111110000000", -- 0534 - 0F80                test          r6
1334 => "1000010000101010", -- 0536 - 842A                brr.z         increment_y
1336 => "0000110110000001", -- 0538 - 0D81                shr           r6,1
1338 => "0000111110000000", -- 053A - 0F80                test          r6
1340 => "1000010000111010", -- 053C - 843A                brr.z         decrement_x
1342 => "0010010100000110", -- 053E - 2506 decrement_y:   loadimm.upper y_pos.hi
1344 => "0010010001001000", -- 0540 - 2448                loadimm.lower y_pos.lo
1346 => "0010011100111000", -- 0542 - 2738                mov           r4,r7
1348 => "0010000110111000", -- 0544 - 21B8                load          r6,r7
1350 => "0010010100000000", -- 0546 - 2500                loadimm.upper 0x00
1352 => "0010010000000001", -- 0548 - 2401                loadimm.lower 0x01
1354 => "0000010110110111", -- 054A - 05B7                sub           r6,r6,r7
1356 => "0010010100000110", -- 054C - 2506                loadimm.upper y_dec_limit.hi
1358 => "0010010001010000", -- 054E - 2450                loadimm.lower y_dec_limit.lo
1360 => "0010000111111000", -- 0550 - 21F8                load          r7,r7
1362 => "0000010111110111", -- 0552 - 05F7                sub           r7,r6,r7
1364 => "0000111111000000", -- 0554 - 0FC0                test          r7
1366 => "1000010000000011", -- 0556 - 8403                brr.z         dec_y1
1368 => "0010001100110000", -- 0558 - 2330                store         r4,r6
1370 => "1000000111011010", -- 055A - 81DA                brr           loop_1
1372 => "0010010000000001", -- 055C - 2401 dec_y1:        loadimm.lower 0x01
1374 => "0010010100000000", -- 055E - 2500                loadimm.upper 0x00
1376 => "0010011001111000", -- 0560 - 2678                mov           r1,r7
1378 => "1000000000111010", -- 0562 - 803A                brr           update_limits
1380 => "0010010100000110", -- 0564 - 2506 increment_x:   loadimm.upper x_pos.hi
1382 => "0010010001000110", -- 0566 - 2446                loadimm.lower x_pos.lo
1384 => "0010011100111000", -- 0568 - 2738                mov           r4,r7
1386 => "0010000110111000", -- 056A - 21B8                load          r6,r7
1388 => "0010010100000000", -- 056C - 2500                loadimm.upper 0x00
1390 => "0010010000000001", -- 056E - 2401                loadimm.lower 0x01
1392 => "0000001110110111", -- 0570 - 03B7                add           r6,r6,r7
1394 => "0010010100000110", -- 0572 - 2506                loadimm.upper x_inc_limit.hi
1396 => "0010010001001010", -- 0574 - 244A                loadimm.lower x_inc_limit.lo
1398 => "0010000111111000", -- 0576 - 21F8                load          r7,r7
1400 => "0000010111110111", -- 0578 - 05F7                sub           r7,r6,r7
1402 => "0000111111000000", -- 057A - 0FC0                test          r7
1404 => "1000010000000011", -- 057C - 8403                brr.z         inc_x1
1406 => "0010001100110000", -- 057E - 2330                store         r4,r6
1408 => "1000000111000111", -- 0580 - 81C7                brr           loop_1
1410 => "0010010000000010", -- 0582 - 2402 inc_x1:        loadimm.lower 0x02
1412 => "0010010100000000", -- 0584 - 2500                loadimm.upper 0x00
1414 => "0010011001111000", -- 0586 - 2678                mov           r1,r7
1416 => "1000000000111111", -- 0588 - 803F                brr           check_end
1418 => "0010010100000110", -- 058A - 2506 increment_y:   loadimm.upper y_pos.hi
1420 => "0010010001001000", -- 058C - 2448                loadimm.lower y_pos.lo
1422 => "0010011100111000", -- 058E - 2738                mov           r4,r7
1424 => "0010000110111000", -- 0590 - 21B8                load          r6,r7
1426 => "0010010100000000", -- 0592 - 2500                loadimm.upper 0x00
1428 => "0010010000000001", -- 0594 - 2401                loadimm.lower 0x01
1430 => "0000001110110111", -- 0596 - 03B7                add           r6,r6,r7
1432 => "0010010100000110", -- 0598 - 2506                loadimm.upper y_inc_limit.hi
1434 => "0010010001001100", -- 059A - 244C                loadimm.lower y_inc_limit.lo
1436 => "0010000111111000", -- 059C - 21F8                load          r7,r7
1438 => "0000010111110111", -- 059E - 05F7                sub           r7,r6,r7
1440 => "0000111111000000", -- 05A0 - 0FC0                test          r7
1442 => "1000010000000011", -- 05A2 - 8403                brr.z         inc_y1
1444 => "0010001100110000", -- 05A4 - 2330                store         r4,r6
1446 => "1000000110110100", -- 05A6 - 81B4                brr           loop_1
1448 => "0010010000000100", -- 05A8 - 2404 inc_y1:        loadimm.lower 0x04
1450 => "0010010100000000", -- 05AA - 2500                loadimm.upper 0x00
1452 => "0010011001111000", -- 05AC - 2678                mov           r1,r7
1454 => "1000000110110000", -- 05AE - 81B0                brr           loop_1
1456 => "0010010100000110", -- 05B0 - 2506 decrement_x:   loadimm.upper x_pos.hi
1458 => "0010010001000110", -- 05B2 - 2446                loadimm.lower x_pos.lo
1460 => "0010011100111000", -- 05B4 - 2738                mov           r4,r7
1462 => "0010000110111000", -- 05B6 - 21B8                load          r6,r7
1464 => "0010010100000000", -- 05B8 - 2500                loadimm.upper 0x00
1466 => "0010010000000001", -- 05BA - 2401                loadimm.lower 0x01
1468 => "0000010110110111", -- 05BC - 05B7                sub           r6,r6,r7
1470 => "0010010100000110", -- 05BE - 2506                loadimm.upper x_dec_limit.hi
1472 => "0010010001001110", -- 05C0 - 244E                loadimm.lower x_dec_limit.lo
1474 => "0010000111111000", -- 05C2 - 21F8                load          r7,r7
1476 => "0000010111110111", -- 05C4 - 05F7                sub           r7,r6,r7
1478 => "0000111111000000", -- 05C6 - 0FC0                test          r7
1480 => "1000010000000011", -- 05C8 - 8403                brr.z         dec_x1
1482 => "0010001100110000", -- 05CA - 2330                store         r4,r6
1484 => "1000000110100001", -- 05CC - 81A1                brr           loop_1
1486 => "0010010000001000", -- 05CE - 2408 dec_x1:        loadimm.lower 0x08
1488 => "0010010100000000", -- 05D0 - 2500                loadimm.upper 0x00
1490 => "0010011001111000", -- 05D2 - 2678                mov           r1,r7
1492 => "1000000110011101", -- 05D4 - 819D                brr           loop_1
1494 => "0010010100000000", -- 05D6 - 2500                loadimm.upper 0x00
1496 => "0010010000000001", -- 05D8 - 2401                loadimm.lower 0x01
1498 => "0010011101111000", -- 05DA - 2778                mov           r5,r7
1500 => "0010010100000110", -- 05DC - 2506                loadimm.upper x_inc_limit.hi
1502 => "0010010001001010", -- 05DE - 244A                loadimm.lower x_inc_limit.lo
1504 => "0010000110111000", -- 05E0 - 21B8                load          r6,r7
1506 => "0000010110110101", -- 05E2 - 05B5                sub           r6,r6,r5
1508 => "0010001111110000", -- 05E4 - 23F0                store         r7,r6
1510 => "0010010100000110", -- 05E6 - 2506                loadimm.upper y_inc_limit.hi
1512 => "0010010001001100", -- 05E8 - 244C                loadimm.lower y_inc_limit.lo
1514 => "0010000110111000", -- 05EA - 21B8                load          r6,r7
1516 => "0000010110110101", -- 05EC - 05B5                sub           r6,r6,r5
1518 => "0010001111110000", -- 05EE - 23F0                store         r7,r6
1520 => "0010010100000110", -- 05F0 - 2506                loadimm.upper x_dec_limit.hi
1522 => "0010010001001110", -- 05F2 - 244E                loadimm.lower x_dec_limit.lo
1524 => "0010000110111000", -- 05F4 - 21B8                load          r6,r7
1526 => "0000001110110101", -- 05F6 - 03B5                add           r6,r6,r5
1528 => "0010001111110000", -- 05F8 - 23F0                store         r7,r6
1530 => "0010010100000110", -- 05FA - 2506                loadimm.upper y_dec_limit.hi
1532 => "0010010001010000", -- 05FC - 2450                loadimm.lower y_dec_limit.lo
1534 => "0010000110111000", -- 05FE - 21B8                load          r6,r7
1536 => "0000001110110101", -- 0600 - 03B5                add           r6,r6,r5
1538 => "0010001111110000", -- 0602 - 23F0                store         r7,r6
1540 => "1000000110000101", -- 0604 - 8185                brr           loop_1
1542 => "0010010100000000", -- 0606 - 2500 check_end:     loadimm.upper 0x00
1544 => "0010010000000111", -- 0608 - 2407                loadimm.lower 0x07
1546 => "0010011110111000", -- 060A - 27B8                mov           r6,r7
1548 => "0010010100000110", -- 060C - 2506                loadimm.upper y_pos.hi
1550 => "0010010001001000", -- 060E - 2448                loadimm.lower y_pos.lo
1552 => "0010000111111000", -- 0610 - 21F8                load          r7,r7
1554 => "0000010111111110", -- 0612 - 05FE                sub           r7,r7,r6
1556 => "0000111111000000", -- 0614 - 0FC0                test          r7
1558 => "1000010000000010", -- 0616 - 8402                brr.z         done_1
1560 => "1000000101111011", -- 0618 - 817B                brr           loop_1
1562 => "0010010100000000", -- 061A - 2500 done_1:        loadimm.upper 0x00
1564 => "0010010000001100", -- 061C - 240C                loadimm.lower 0x0c
1566 => "0010011110111000", -- 061E - 27B8                mov           r6,r7
1568 => "0010010100000110", -- 0620 - 2506                loadimm.upper x_pos.hi
1570 => "0010010001000110", -- 0622 - 2446                loadimm.lower x_pos.lo
1572 => "0010000111111000", -- 0624 - 21F8                load          r7,r7
1574 => "0000010111111110", -- 0626 - 05FE                sub           r7,r7,r6
1576 => "0000111111000000", -- 0628 - 0FC0                test          r7
1578 => "1000010000000010", -- 062A - 8402                brr.z         flip
1580 => "1000000101110001", -- 062C - 8171                brr           loop_1
1582 => "0010010000001010", -- 062E - 240A flip:          loadimm.lower 0x0A
1584 => "0010010100000000", -- 0630 - 2500                loadimm.upper 0x00
1586 => "0000100111011111", -- 0632 - 09DF                nand          r7,r3,r7
1588 => "0000100111111111", -- 0634 - 09FF                nand          r7,r7,r7
1590 => "0000111111000000", -- 0636 - 0FC0                test          r7
1592 => "1000010000000011", -- 0638 - 8403                brr.z         adv_y2
1594 => "0010010000100000", -- 063A - 2420                loadimm.lower 0x20
1596 => "1000000000000010", -- 063C - 8002                brr           adv_y3
1598 => "0010010000101010", -- 063E - 242A adv_y2:        loadimm.lower 0x2a
1600 => "0010010110011000", -- 0640 - 2598 adv_y3:        loadimm.upper 0x98
1602 => "0010011011111000", -- 0642 - 26F8                mov           r3,r7
1604 => "1000000101000001", -- 0644 - 8141                brr           restart_loop
1606 => "0000000000000000", -- 0646 - 0000 x_pos:         dw            0x0000
1608 => "0000000000000000", -- 0648 - 0000 y_pos:         dw            0x0000
1610 => "0000000000000000", -- 064A - 0000 x_inc_limit:   dw            0x0000
1612 => "0000000000000000", -- 064C - 0000 y_inc_limit:   dw            0x0000
1614 => "0000000000000000", -- 064E - 0000 x_dec_limit:   dw            0x0000
1616 => "0000000000000000", -- 0650 - 0000 y_dec_limit:   dw            0x0000


-------------------------------------------------------
Symbol Table:
Console         64512 (FC00)
DipSwitches     65520 (FFF0)
LedDisplay      65522 (FFF2)
adv_y2           1598 (063E)
adv_y3           1600 (0640)
check_end        1542 (0606)
dec_x1           1486 (05CE)
dec_y1           1372 (055C)
decrement_x      1456 (05B0)
decrement_y      1342 (053E)
done_1           1562 (061A)
flip             1582 (062E)
inc_x1           1410 (0582)
inc_y1           1448 (05A8)
increment_x      1380 (0564)
increment_y      1418 (058A)
loop_1           1294 (050E)
restart_loop     1222 (04C6)
update_limits    1494 (05D6)
x_dec_limit      1614 (064E)
x_inc_limit      1610 (064A)
x_pos            1606 (0646)
y_dec_limit      1616 (0650)
y_inc_limit      1612 (064C)
y_pos            1608 (0648)

